{
  "RSpec": {
    "coverage": {
      "/media/anaviltripathi/Stuff/Study/Programming/TAMU/Ruby/HW4/bdd-tdd-cycle/rottenpotatoes/config/environment.rb": [
        null,
        1,
        null,
        null,
        1
      ],
      "/media/anaviltripathi/Stuff/Study/Programming/TAMU/Ruby/HW4/bdd-tdd-cycle/rottenpotatoes/config/application.rb": [
        1,
        null,
        null,
        1,
        1,
        1,
        1,
        1,
        null,
        null,
        1,
        null,
        1,
        null,
        null,
        null,
        null,
        1,
        1,
        null,
        null,
        null,
        null,
        null,
        null,
        null,
        null,
        null,
        null,
        null,
        null,
        null,
        null,
        null,
        null,
        null,
        null,
        null,
        null,
        null,
        null,
        null,
        1,
        null,
        null,
        1,
        null,
        null,
        1,
        null,
        null,
        1,
        null,
        null,
        null,
        1,
        null,
        null,
        null,
        null,
        null,
        null,
        null,
        null,
        null,
        null,
        1,
        null,
        null,
        1,
        null,
        null,
        null,
        null
      ],
      "/media/anaviltripathi/Stuff/Study/Programming/TAMU/Ruby/HW4/bdd-tdd-cycle/rottenpotatoes/config/boot.rb": [
        1,
        null,
        null,
        1,
        null,
        1
      ],
      "/media/anaviltripathi/Stuff/Study/Programming/TAMU/Ruby/HW4/bdd-tdd-cycle/rottenpotatoes/config/environments/test.rb": [
        1,
        null,
        null,
        null,
        null,
        null,
        null,
        1,
        null,
        null,
        1,
        1,
        null,
        null,
        1,
        null,
        null,
        1,
        1,
        null,
        null,
        1,
        null,
        null,
        1,
        null,
        null,
        null,
        null,
        1,
        null,
        null,
        null,
        null,
        null,
        null,
        null,
        1,
        null,
        null,
        1,
        null
      ],
      "/media/anaviltripathi/Stuff/Study/Programming/TAMU/Ruby/HW4/bdd-tdd-cycle/rottenpotatoes/config/initializers/backtrace_silencers.rb": [
        null,
        null,
        null,
        null,
        null,
        null,
        null
      ],
      "/media/anaviltripathi/Stuff/Study/Programming/TAMU/Ruby/HW4/bdd-tdd-cycle/rottenpotatoes/config/initializers/inflections.rb": [
        null,
        null,
        null,
        null,
        null,
        null,
        null,
        null,
        null,
        null
      ],
      "/media/anaviltripathi/Stuff/Study/Programming/TAMU/Ruby/HW4/bdd-tdd-cycle/rottenpotatoes/config/initializers/mime_types.rb": [
        null,
        null,
        null,
        null,
        null
      ],
      "/media/anaviltripathi/Stuff/Study/Programming/TAMU/Ruby/HW4/bdd-tdd-cycle/rottenpotatoes/config/initializers/secret_token.rb": [
        null,
        null,
        null,
        null,
        null,
        null,
        1
      ],
      "/media/anaviltripathi/Stuff/Study/Programming/TAMU/Ruby/HW4/bdd-tdd-cycle/rottenpotatoes/config/initializers/session_store.rb": [
        null,
        null,
        1,
        null,
        null,
        null,
        null,
        null
      ],
      "/media/anaviltripathi/Stuff/Study/Programming/TAMU/Ruby/HW4/bdd-tdd-cycle/rottenpotatoes/config/initializers/wrap_parameters.rb": [
        null,
        null,
        null,
        null,
        null,
        null,
        1,
        1,
        null,
        null,
        null,
        1,
        1,
        null
      ],
      "/media/anaviltripathi/Stuff/Study/Programming/TAMU/Ruby/HW4/bdd-tdd-cycle/rottenpotatoes/app/controllers/application_controller.rb": [
        1,
        1,
        null
      ],
      "/media/anaviltripathi/Stuff/Study/Programming/TAMU/Ruby/HW4/bdd-tdd-cycle/rottenpotatoes/app/helpers/application_helper.rb": [
        1,
        null
      ],
      "/media/anaviltripathi/Stuff/Study/Programming/TAMU/Ruby/HW4/bdd-tdd-cycle/rottenpotatoes/app/helpers/movies_helper.rb": [
        1,
        null,
        1,
        0,
        null,
        null
      ],
      "/media/anaviltripathi/Stuff/Study/Programming/TAMU/Ruby/HW4/bdd-tdd-cycle/rottenpotatoes/app/controllers/movies_controller.rb": [
        1,
        null,
        1,
        0,
        0,
        null,
        0,
        null,
        null,
        1,
        0,
        0,
        null,
        0,
        null,
        0,
        null,
        0,
        0,
        null,
        0,
        0,
        null,
        null,
        0,
        0,
        0,
        0,
        null,
        null,
        0,
        0,
        0,
        0,
        0,
        null,
        0,
        null,
        null,
        1,
        null,
        null,
        null,
        1,
        0,
        0,
        0,
        null,
        null,
        1,
        3,
        null,
        null,
        1,
        0,
        0,
        0,
        0,
        null,
        null,
        1,
        null,
        3,
        null,
        3,
        3,
        3,
        null,
        null,
        null,
        1,
        null,
        6,
        null,
        6,
        6,
        4,
        4,
        null,
        2,
        2,
        null,
        null,
        null,
        null,
        null,
        null,
        null,
        null,
        null,
        null,
        null,
        null,
        null,
        null,
        null,
        null,
        null,
        null
      ],
      "/media/anaviltripathi/Stuff/Study/Programming/TAMU/Ruby/HW4/bdd-tdd-cycle/rottenpotatoes/app/models/movie.rb": [
        1,
        null,
        1,
        null,
        1,
        0,
        null,
        null,
        null,
        null,
        null,
        null,
        null,
        null
      ],
      "/media/anaviltripathi/Stuff/Study/Programming/TAMU/Ruby/HW4/bdd-tdd-cycle/rottenpotatoes/config/routes.rb": [
        1,
        null,
        null,
        null,
        null,
        null,
        null,
        null,
        null,
        null,
        null,
        null,
        null,
        null,
        null,
        1,
        1,
        null,
        null,
        null,
        null,
        null,
        null,
        null,
        null,
        null,
        null,
        null,
        null,
        null,
        null,
        null,
        null,
        null,
        null,
        null,
        null,
        null,
        null,
        null,
        null,
        null,
        null,
        null,
        null,
        null,
        null,
        null,
        null,
        null,
        null,
        null,
        null,
        null,
        null,
        null,
        1,
        null,
        null,
        null,
        null,
        null,
        null,
        null
      ],
      "/media/anaviltripathi/Stuff/Study/Programming/TAMU/Ruby/HW4/bdd-tdd-cycle/rottenpotatoes/spec/movie_spec.rb": [

      ]
    },
    "timestamp": 1444192928
  },
  "Cucumber Features": {
    "coverage": {
      "/media/anaviltripathi/Stuff/Study/Programming/TAMU/Ruby/HW4/bdd-tdd-cycle/rottenpotatoes/app/controllers/application_controller.rb": [
        1,
        1,
        null
      ],
      "/media/anaviltripathi/Stuff/Study/Programming/TAMU/Ruby/HW4/bdd-tdd-cycle/rottenpotatoes/app/helpers/application_helper.rb": [
        1,
        null
      ],
      "/media/anaviltripathi/Stuff/Study/Programming/TAMU/Ruby/HW4/bdd-tdd-cycle/rottenpotatoes/app/helpers/movies_helper.rb": [
        1,
        null,
        1,
        0,
        null,
        null
      ],
      "/media/anaviltripathi/Stuff/Study/Programming/TAMU/Ruby/HW4/bdd-tdd-cycle/rottenpotatoes/app/controllers/movies_controller.rb": [
        1,
        null,
        1,
        3,
        3,
        null,
        3,
        null,
        null,
        1,
        15,
        15,
        null,
        3,
        null,
        3,
        null,
        15,
        15,
        null,
        15,
        30,
        null,
        null,
        15,
        2,
        2,
        2,
        null,
        null,
        13,
        4,
        4,
        4,
        4,
        null,
        9,
        null,
        null,
        1,
        null,
        null,
        null,
        1,
        0,
        0,
        0,
        null,
        null,
        1,
        1,
        null,
        null,
        1,
        1,
        1,
        1,
        1,
        null,
        null,
        1,
        null,
        0,
        null,
        0,
        0,
        0,
        null,
        null,
        null,
        1,
        null,
        2,
        null,
        2,
        2,
        1,
        1,
        null,
        1,
        1,
        null,
        null,
        null,
        null,
        null,
        null,
        null,
        null,
        null,
        null,
        null,
        null,
        null,
        null,
        null,
        null,
        null,
        null
      ],
      "/media/anaviltripathi/Stuff/Study/Programming/TAMU/Ruby/HW4/bdd-tdd-cycle/rottenpotatoes/app/models/movie.rb": [
        1,
        null,
        1,
        null,
        1,
        15,
        null,
        null,
        null,
        null,
        null,
        null,
        null,
        null
      ]
    },
    "timestamp": 1444192845
  }
}
